

***********************************************************************
Fatal NI connect error 12541, connecting to:
 (DESCRIPTION=(ADDRESS=(PROTOCOL=TCP)(HOST=fasolt.stanford.edu)(PORT=1521))(CONNECT_DATA=(SID=SDEV)(CID=(PROGRAM=python)(HOST=scotch.stanford.edu)(USER=kpaskov))))

  VERSION INFORMATION:
	TNS for MacOS X Server: Version 10.2.0.4.0 - Production
	TCP/IP NT Protocol Adapter for MacOS X Server: Version 10.2.0.4.0 - Production
  Time: 27-NOV-2012 11:43:43
  Tracing not turned on.
  Tns error struct:
    ns main err code: 12541
    TNS-12541: Message 12541 not found; No message file for product=network, facility=TNS
    ns secondary err code: 12560
    nt main err code: 511
    TNS-00511: Message 511 not found; No message file for product=network, facility=TNS
    nt secondary err code: 61
    nt OS err code: 0


***********************************************************************
Fatal NI connect error 12541, connecting to:
 (DESCRIPTION=(ADDRESS=(PROTOCOL=TCP)(HOST=fasolt.stanford.edu)(PORT=1521))(CONNECT_DATA=(SID=SDEV)(CID=(PROGRAM=python)(HOST=scotch.stanford.edu)(USER=kpaskov))))

  VERSION INFORMATION:
	TNS for MacOS X Server: Version 10.2.0.4.0 - Production
	TCP/IP NT Protocol Adapter for MacOS X Server: Version 10.2.0.4.0 - Production
  Time: 27-NOV-2012 14:23:34
  Tracing not turned on.
  Tns error struct:
    ns main err code: 12541
    TNS-12541: Message 12541 not found; No message file for product=network, facility=TNS
    ns secondary err code: 12560
    nt main err code: 511
    TNS-00511: Message 511 not found; No message file for product=network, facility=TNS
    nt secondary err code: 61
    nt OS err code: 0
